<?xml version="1.0" encoding="UTF-8"?>
<!-- Generated by org.testng.reporters.JUnitReportReporter -->
<testsuite hostname="Ganeshprasad" failures="0" tests="1" name="ui_test.MarqueeUiTest" time="3.895" errors="0" timestamp="2024-09-10T16:03:16 IST" skipped="0">
  <testcase classname="ui_test.MarqueeUiTest" name="verifyThePresenceOfMarquee" time="3.895"/>
</testsuite> <!-- ui_test.MarqueeUiTest -->
